<?xml version="1.0" encoding="UTF-8"?>
<testng-results skipped="0" failed="0" ignored="0" total="1" passed="1">
  <reporter-output>
  </reporter-output>
  <suite name="Default suite" duration-ms="12807" started-at="2017-10-10T11:58:11Z" finished-at="2017-10-10T11:58:24Z">
    <groups>
    </groups>
    <test name="Default test" duration-ms="12807" started-at="2017-10-10T11:58:11Z" finished-at="2017-10-10T11:58:24Z">
      <class name="Shivam_Demo_Selenium.SignInTesting">
        <test-method status="PASS" signature="setUp()[pri:0, instance:Shivam_Demo_Selenium.SignInTesting@741a8937]" name="setUp" is-config="true" duration-ms="7870" started-at="2017-10-10T17:28:11Z" finished-at="2017-10-10T17:28:19Z">
          <reporter-output>
          </reporter-output>
        </test-method> <!-- setUp -->
        <test-method status="PASS" signature="signinTest()[pri:0, instance:Shivam_Demo_Selenium.SignInTesting@741a8937]" name="signinTest" duration-ms="3917" started-at="2017-10-10T17:28:19Z" finished-at="2017-10-10T17:28:23Z">
          <reporter-output>
          </reporter-output>
        </test-method> <!-- signinTest -->
        <test-method status="PASS" signature="tearDown()[pri:0, instance:Shivam_Demo_Selenium.SignInTesting@741a8937]" name="tearDown" is-config="true" duration-ms="1008" started-at="2017-10-10T17:28:23Z" finished-at="2017-10-10T17:28:24Z">
          <reporter-output>
          </reporter-output>
        </test-method> <!-- tearDown -->
      </class> <!-- Shivam_Demo_Selenium.SignInTesting -->
    </test> <!-- Default test -->
  </suite> <!-- Default suite -->
</testng-results>
